results at inlet and outlet
***************************
   
Input nmax                         = 12000
Input pt1                          = 100000.00 [Pa]  
Input tt1                          = 300.00 [K]   
Input pout                         = 80000.00 [Pa]  
Input ft                           = 0.30       
Input rfd                          = 0.15       
Input ermax                        = 0.000001   
   
Count of nodes                     = 250
Massflow           inlet           = 438.18 [Kg/s]
Massflow          outlet           = 442.81 [Kg/s]
Total Temperature  inlet           = 100000.00 [K]   
Total Temperature  inlet           = 300.00 [K]   
Total Pressure    outlet           = 87237.43 [Pa]  
Total Temperature outlet           = 299.21 [Pa]  
Total Pressure Ratio    outlet/inlet  = 0.872374    
Total Temperature Ratio outlet/inlet  = 0.997360    
  
i     vx        p         rho 
0	206.38	77377.33	0.967
1	207.09	77377.33	0.967
2	208.68	77089.20	0.964
3	210.53	76717.35	0.961
4	212.39	76339.21	0.958
5	214.27	75957.12	0.954
6	216.15	75571.19	0.951
7	218.04	75181.47	0.947
8	219.94	74788.02	0.944
9	221.84	74390.88	0.940
10	223.76	73990.10	0.936
11	225.68	73585.74	0.933
12	227.61	73177.86	0.929
13	229.55	72766.51	0.925
14	231.50	72351.75	0.921
15	233.45	71933.66	0.918
16	235.41	71512.30	0.914
17	237.38	71087.74	0.910
18	239.35	70660.05	0.906
19	241.33	70229.31	0.902
20	243.31	69795.59	0.898
21	245.30	69358.99	0.894
22	247.30	68919.57	0.890
23	249.30	68477.43	0.886
24	251.31	68032.65	0.882
25	253.32	67585.32	0.878
26	255.34	67135.54	0.873
27	257.36	66683.38	0.869
28	259.38	66228.96	0.865
29	261.41	65772.37	0.861
30	263.44	65313.71	0.856
31	265.47	64853.07	0.852
32	267.51	64390.56	0.848
33	269.55	63926.28	0.843
34	271.59	63460.34	0.839
35	273.63	62992.84	0.835
36	275.68	62523.89	0.830
37	277.73	62053.60	0.826
38	279.78	61582.08	0.821
39	281.83	61109.43	0.817
40	283.88	60635.77	0.812
41	285.93	60161.21	0.808
42	287.98	59685.85	0.803
43	290.03	59209.82	0.798
44	292.08	58733.22	0.794
45	294.13	58256.16	0.789
46	296.18	57778.76	0.785
47	298.23	57301.13	0.780
48	300.27	56823.37	0.775
49	302.32	56345.61	0.771
50	304.36	55867.95	0.766
51	306.40	55390.50	0.761
52	308.44	54913.38	0.756
53	310.48	54436.68	0.752
54	312.51	53960.52	0.747
55	314.54	53485.01	0.742
56	316.56	53010.25	0.738
57	318.59	52536.34	0.733
58	320.60	52063.39	0.728
59	322.62	51591.51	0.723
60	324.63	51120.78	0.719
61	326.63	50651.31	0.714
62	328.63	50183.20	0.709
63	330.63	49716.54	0.705
64	332.62	49251.43	0.700
65	334.60	48787.96	0.695
66	336.58	48326.21	0.690
67	338.55	47866.28	0.686
68	340.52	47408.25	0.681
69	342.48	46952.21	0.676
70	344.43	46498.24	0.672
71	346.38	46046.41	0.667
72	348.31	45596.81	0.662
73	350.25	45149.52	0.658
74	352.17	44704.59	0.653
75	354.09	44262.11	0.648
76	356.00	43822.15	0.644
77	357.90	43384.76	0.639
78	359.80	42950.02	0.635
79	361.68	42517.98	0.630
80	363.56	42088.70	0.625
81	365.43	41662.24	0.621
82	367.29	41238.66	0.616
83	369.14	40818.00	0.612
84	370.98	40400.32	0.607
85	372.82	39985.66	0.603
86	374.64	39574.07	0.599
87	376.46	39165.59	0.594
88	378.27	38760.26	0.590
89	380.06	38358.12	0.585
90	381.85	37959.20	0.581
91	383.63	37563.54	0.577
92	385.40	37171.16	0.572
93	387.16	36782.10	0.568
94	388.90	36396.39	0.564
95	390.64	36014.04	0.559
96	392.37	35635.08	0.555
97	394.09	35259.54	0.551
98	395.80	34887.42	0.547
99	397.50	34518.75	0.543
100	399.18	34153.54	0.539
101	400.86	33791.80	0.535
102	402.53	33433.54	0.531
103	404.18	33078.78	0.526
104	405.83	32727.52	0.522
105	407.47	32379.76	0.519
106	409.09	32035.51	0.515
107	410.70	31694.77	0.511
108	412.31	31357.54	0.507
109	413.90	31023.82	0.503
110	415.48	30693.61	0.499
111	417.05	30366.90	0.495
112	418.61	30043.69	0.491
113	420.16	29723.98	0.488
114	421.70	29407.75	0.484
115	423.23	29094.99	0.480
116	424.75	28785.69	0.477
117	426.25	28479.85	0.473
118	427.75	28177.45	0.469
119	429.24	27878.47	0.466
120	430.71	27582.91	0.462
121	432.17	27290.74	0.459
122	433.63	27001.94	0.455
123	435.07	26716.51	0.452
124	436.50	26434.42	0.449
125	437.92	26155.66	0.445
126	439.33	25880.19	0.442
127	440.73	25608.03	0.438
128	442.11	25339.08	0.435
129	443.49	25073.45	0.432
130	444.86	24810.90	0.429
131	446.22	24551.77	0.425
132	447.56	24295.43	0.422
133	448.90	24042.86	0.419
134	450.22	23792.38	0.416
135	451.54	23546.69	0.413
136	452.83	23301.28	0.410
137	454.15	23063.78	0.407
138	455.28	22833.38	0.404
139	452.55	23070.40	0.407
140	414.57	27636.82	0.461
141	330.24	40617.14	0.594
142	259.85	55124.24	0.733
143	229.48	62579.95	0.802
144	221.41	64579.27	0.820
145	218.75	65137.14	0.826
146	216.86	65486.51	0.829
147	215.09	65806.19	0.832
148	213.36	66116.13	0.834
149	211.66	66418.55	0.837
150	210.00	66713.93	0.840
151	208.36	67002.56	0.842
152	206.76	67284.72	0.845
153	205.18	67560.64	0.847
154	203.63	67830.57	0.850
155	202.11	68094.70	0.852
156	200.61	68353.25	0.854
157	199.13	68606.40	0.857
158	197.68	68854.32	0.859
159	196.25	69097.19	0.861
160	194.84	69335.16	0.863
161	193.46	69568.38	0.865
162	192.09	69796.98	0.867
163	190.75	70021.11	0.869
164	189.43	70240.89	0.871
165	188.12	70456.44	0.873
166	186.83	70667.87	0.875
167	185.57	70875.30	0.877
168	184.32	71078.83	0.879
169	183.09	71278.56	0.880
170	181.87	71474.59	0.882
171	180.67	71667.01	0.884
172	179.49	71855.90	0.885
173	178.33	72041.36	0.887
174	177.18	72223.47	0.889
175	176.04	72402.30	0.890
176	174.92	72577.93	0.892
177	173.82	72750.43	0.893
178	172.73	72919.88	0.895
179	171.65	73086.34	0.896
180	170.59	73249.89	0.898
181	169.54	73410.57	0.899
182	168.51	73568.47	0.900
183	167.49	73723.62	0.902
184	166.48	73876.11	0.903
185	165.48	74025.97	0.904
186	164.50	74173.27	0.906
187	163.53	74318.06	0.907
188	162.57	74460.39	0.908
189	161.62	74600.31	0.909
190	160.69	74737.87	0.911
191	159.77	74873.12	0.912
192	158.86	75006.09	0.913
193	157.96	75136.85	0.914
194	157.07	75265.43	0.915
195	156.19	75391.87	0.916
196	155.32	75516.22	0.917
197	154.46	75638.51	0.918
198	153.62	75758.78	0.919
199	152.78	75877.08	0.920
200	151.96	75993.45	0.921
201	151.14	76107.90	0.922
202	150.33	76220.50	0.923
203	149.54	76331.26	0.924
204	148.75	76440.22	0.925
205	147.97	76547.41	0.926
206	147.21	76652.88	0.927
207	146.45	76756.64	0.928
208	145.70	76858.73	0.929
209	144.96	76959.17	0.930
210	144.23	77058.01	0.931
211	143.50	77155.26	0.932
212	142.79	77250.96	0.932
213	142.08	77345.13	0.933
214	141.39	77437.80	0.934
215	140.70	77528.99	0.935
216	140.02	77618.74	0.936
217	139.34	77707.06	0.936
218	138.68	77793.99	0.937
219	138.02	77879.54	0.938
220	137.37	77963.73	0.938
221	136.73	78046.60	0.939
222	136.10	78128.16	0.940
223	135.47	78208.44	0.941
224	134.85	78287.45	0.941
225	134.24	78365.23	0.942
226	133.64	78441.78	0.943
227	133.04	78517.13	0.943
228	132.45	78591.30	0.944
229	131.87	78664.30	0.944
230	131.30	78736.17	0.945
231	130.73	78806.91	0.946
232	130.17	78876.55	0.946
233	129.61	78945.08	0.947
234	129.06	79012.57	0.947
235	128.52	79078.97	0.948
236	127.99	79144.39	0.949
237	127.46	79208.69	0.949
238	126.94	79272.15	0.950
239	126.42	79334.35	0.950
240	125.91	79396.03	0.951
241	125.41	79455.99	0.951
242	124.91	79516.27	0.952
243	124.42	79573.53	0.952
244	123.94	79633.34	0.953
245	123.45	79686.48	0.953
246	123.00	79748.34	0.954
247	122.50	79793.33	0.954
248	122.09	79864.07	0.955
249	121.55	79889.68	0.955
250	121.22	80000.00	0.955
Momentum Entry = 25.95311 [t]   
Momentum Exit  = -35.97598 [t]   
P-Force  Wall  = 11.28464 [t]   
Momentum-Check = 0.11181 [-]   
Thrust         = 1.40300 [t]   
